2023-06-07T03:18:38+00:00 CRITICAL Uncaught ArgumentCountError: 6 arguments are required, 1 given in C:\xampp\htdocs\Gee Fashion\wp-content\plugins\astra-sites\classes\class-astra-sites-admin.php:250
Stack trace:
#0 C:\xampp\htdocs\Gee Fashion\wp-content\plugins\astra-sites\classes\class-astra-sites-admin.php(250): sprintf('<div class="not...')
#1 C:\xampp\htdocs\Gee Fashion\wp-includes\class-wp-hook.php(308): Astra_Sites_Admin->admin_welcome_notices('')
#2 C:\xampp\htdocs\Gee Fashion\wp-includes\class-wp-hook.php(332): WP_Hook->apply_filters(NULL, Array)
#3 C:\xampp\htdocs\Gee Fashion\wp-includes\plugin.php(517): WP_Hook->do_action(Array)
#4 C:\xampp\htdocs\Gee Fashion\wp-admin\admin-header.php(303): do_action('admin_notices')
#5 C:\xampp\htdocs\Gee Fashion\wp-admin\index.php(137): require_once('C:\\xampp\\htdocs...')
#6 {main}
  thrown in C:\xampp\htdocs\Gee Fashion\wp-content\plugins\astra-sites\classes\class-astra-sites-admin.php on line 250

2023-06-07T03:19:37+00:00 CRITICAL Uncaught ArgumentCountError: 6 arguments are required, 1 given in C:\xampp\htdocs\Gee Fashion\wp-content\plugins\astra-sites\classes\class-astra-sites-admin.php:250
Stack trace:
#0 C:\xampp\htdocs\Gee Fashion\wp-content\plugins\astra-sites\classes\class-astra-sites-admin.php(250): sprintf('<div class="not...')
#1 C:\xampp\htdocs\Gee Fashion\wp-includes\class-wp-hook.php(308): Astra_Sites_Admin->admin_welcome_notices('')
#2 C:\xampp\htdocs\Gee Fashion\wp-includes\class-wp-hook.php(332): WP_Hook->apply_filters(NULL, Array)
#3 C:\xampp\htdocs\Gee Fashion\wp-includes\plugin.php(517): WP_Hook->do_action(Array)
#4 C:\xampp\htdocs\Gee Fashion\wp-admin\admin-header.php(303): do_action('admin_notices')
#5 C:\xampp\htdocs\Gee Fashion\wp-admin\index.php(137): require_once('C:\\xampp\\htdocs...')
#6 {main}
  thrown in C:\xampp\htdocs\Gee Fashion\wp-content\plugins\astra-sites\classes\class-astra-sites-admin.php on line 250

2023-06-07T03:53:35+00:00 CRITICAL Uncaught ArgumentCountError: 6 arguments are required, 1 given in C:\xampp\htdocs\Gee Fashion\wp-content\plugins\astra-sites\classes\class-astra-sites-admin.php:250
Stack trace:
#0 C:\xampp\htdocs\Gee Fashion\wp-content\plugins\astra-sites\classes\class-astra-sites-admin.php(250): sprintf('<div class="not...')
#1 C:\xampp\htdocs\Gee Fashion\wp-includes\class-wp-hook.php(308): Astra_Sites_Admin->admin_welcome_notices('')
#2 C:\xampp\htdocs\Gee Fashion\wp-includes\class-wp-hook.php(332): WP_Hook->apply_filters(NULL, Array)
#3 C:\xampp\htdocs\Gee Fashion\wp-includes\plugin.php(517): WP_Hook->do_action(Array)
#4 C:\xampp\htdocs\Gee Fashion\wp-admin\admin-header.php(303): do_action('admin_notices')
#5 C:\xampp\htdocs\Gee Fashion\wp-admin\index.php(137): require_once('C:\\xampp\\htdocs...')
#6 {main}
  thrown in C:\xampp\htdocs\Gee Fashion\wp-content\plugins\astra-sites\classes\class-astra-sites-admin.php on line 250

2023-06-07T04:45:27+00:00 CRITICAL Maximum execution time of 120 seconds exceeded in C:\xampp\htdocs\Gee Fashion\wp-content\plugins\astra-sites\inc\importers\wxr-importer\class-wp-importer-logger.php on line 28

2023-06-07T04:45:42+00:00 CRITICAL Maximum execution time of 120 seconds exceeded in C:\xampp\htdocs\Gee Fashion\wp-admin\includes\class-wp-privacy-policy-content.php on line 702

2023-06-07T04:47:41+00:00 CRITICAL Maximum execution time of 120 seconds exceeded in C:\xampp\htdocs\Gee Fashion\wp-content\plugins\woocommerce\src\Admin\Features\OnboardingTasks\TaskList.php on line 15

2023-06-07T04:47:42+00:00 CRITICAL Maximum execution time of 120 seconds exceeded in C:\xampp\htdocs\Gee Fashion\wp-content\plugins\woocommerce-payments\vendor\automattic\jetpack-assets\src\class-assets.php on line 740

2023-06-07T04:47:45+00:00 CRITICAL Maximum execution time of 120 seconds exceeded in C:\xampp\htdocs\Gee Fashion\wp-content\themes\astra\inc\class-astra-dynamic-css.php on line 13

2023-06-07T04:47:48+00:00 CRITICAL Maximum execution time of 120 seconds exceeded in C:\xampp\htdocs\Gee Fashion\wp-content\plugins\elementor-pro\modules\payments\module.php on line 9

2023-06-07T04:47:48+00:00 CRITICAL Maximum execution time of 120 seconds exceeded in C:\xampp\htdocs\Gee Fashion\wp-content\plugins\woocommerce-payments\vendor\woocommerce\subscriptions-core\includes\class-wc-subscriptions-extend-store-endpoint.php on line 618

2023-06-07T06:10:31+00:00 CRITICAL Maximum execution time of 120 seconds exceeded in C:\xampp\htdocs\Gee Fashion\wp-content\themes\astra\inc\customizer\configurations\builder\header\class-astra-header-social-icon-component-configs.php on line 13

2023-06-07T06:47:50+00:00 CRITICAL Maximum execution time of 120 seconds exceeded in C:\xampp\htdocs\Gee Fashion\wp-includes\rest-api.php on line 764

