2023-06-12T06:00:14+00:00 CRITICAL Maximum execution time of 120 seconds exceeded in C:\xampp\htdocs\Gee Fashion\wp-content\themes\astra\inc\compatibility\woocommerce\woocommerce-common-functions.php on line 14

2023-06-12T06:21:41+00:00 CRITICAL Maximum execution time of 120 seconds exceeded in C:\xampp\htdocs\Gee Fashion\wp-includes\capabilities.php on line 872

2023-06-12T07:45:57+00:00 CRITICAL Uncaught ArgumentCountError: 6 arguments are required, 1 given in C:\xampp\htdocs\Gee Fashion\wp-content\plugins\astra-sites\classes\class-astra-sites-admin.php:250
Stack trace:
#0 C:\xampp\htdocs\Gee Fashion\wp-content\plugins\astra-sites\classes\class-astra-sites-admin.php(250): sprintf('<div class="not...')
#1 C:\xampp\htdocs\Gee Fashion\wp-includes\class-wp-hook.php(308): Astra_Sites_Admin->admin_welcome_notices('')
#2 C:\xampp\htdocs\Gee Fashion\wp-includes\class-wp-hook.php(332): WP_Hook->apply_filters(NULL, Array)
#3 C:\xampp\htdocs\Gee Fashion\wp-includes\plugin.php(517): WP_Hook->do_action(Array)
#4 C:\xampp\htdocs\Gee Fashion\wp-admin\admin-header.php(303): do_action('admin_notices')
#5 C:\xampp\htdocs\Gee Fashion\wp-admin\index.php(137): require_once('C:\\xampp\\htdocs...')
#6 {main}
  thrown in C:\xampp\htdocs\Gee Fashion\wp-content\plugins\astra-sites\classes\class-astra-sites-admin.php on line 250

2023-06-12T09:37:14+00:00 CRITICAL Uncaught ArgumentCountError: 6 arguments are required, 1 given in C:\xampp\htdocs\Gee Fashion\wp-content\plugins\astra-sites\classes\class-astra-sites-admin.php:250
Stack trace:
#0 C:\xampp\htdocs\Gee Fashion\wp-content\plugins\astra-sites\classes\class-astra-sites-admin.php(250): sprintf('<div class="not...')
#1 C:\xampp\htdocs\Gee Fashion\wp-includes\class-wp-hook.php(308): Astra_Sites_Admin->admin_welcome_notices('')
#2 C:\xampp\htdocs\Gee Fashion\wp-includes\class-wp-hook.php(332): WP_Hook->apply_filters(NULL, Array)
#3 C:\xampp\htdocs\Gee Fashion\wp-includes\plugin.php(517): WP_Hook->do_action(Array)
#4 C:\xampp\htdocs\Gee Fashion\wp-admin\admin-header.php(303): do_action('admin_notices')
#5 C:\xampp\htdocs\Gee Fashion\wp-admin\index.php(137): require_once('C:\\xampp\\htdocs...')
#6 {main}
  thrown in C:\xampp\htdocs\Gee Fashion\wp-content\plugins\astra-sites\classes\class-astra-sites-admin.php on line 250

2023-06-12T10:39:01+00:00 CRITICAL Maximum execution time of 120 seconds exceeded in C:\xampp\htdocs\Gee Fashion\wp-includes\class-wpdb.php on line 2431

