2023-06-13T06:28:29+00:00 CRITICAL Maximum execution time of 120 seconds exceeded in C:\xampp\htdocs\Gee Fashion\wp-content\plugins\elementor-pro\modules\theme-builder\conditions\general.php on line 4

2023-06-13T06:37:41+00:00 CRITICAL Uncaught ArgumentCountError: 6 arguments are required, 1 given in C:\xampp\htdocs\Gee Fashion\wp-content\plugins\astra-sites\classes\class-astra-sites-admin.php:250
Stack trace:
#0 C:\xampp\htdocs\Gee Fashion\wp-content\plugins\astra-sites\classes\class-astra-sites-admin.php(250): sprintf('<div class="not...')
#1 C:\xampp\htdocs\Gee Fashion\wp-includes\class-wp-hook.php(308): Astra_Sites_Admin->admin_welcome_notices('')
#2 C:\xampp\htdocs\Gee Fashion\wp-includes\class-wp-hook.php(332): WP_Hook->apply_filters(NULL, Array)
#3 C:\xampp\htdocs\Gee Fashion\wp-includes\plugin.php(517): WP_Hook->do_action(Array)
#4 C:\xampp\htdocs\Gee Fashion\wp-admin\admin-header.php(303): do_action('admin_notices')
#5 C:\xampp\htdocs\Gee Fashion\wp-admin\index.php(137): require_once('C:\\xampp\\htdocs...')
#6 {main}
  thrown in C:\xampp\htdocs\Gee Fashion\wp-content\plugins\astra-sites\classes\class-astra-sites-admin.php on line 250

2023-06-13T06:40:18+00:00 CRITICAL Out of memory (allocated 18874368) (tried to allocate 32768 bytes) in C:\xampp\htdocs\Gee Fashion\wp-content\plugins\woocommerce\includes\rest-api\Controllers\Version3\class-wc-rest-report-products-totals-controller.php on line 1

2023-06-13T07:52:01+00:00 CRITICAL Uncaught ArgumentCountError: 6 arguments are required, 1 given in C:\xampp\htdocs\Gee Fashion\wp-content\plugins\astra-sites\classes\class-astra-sites-admin.php:250
Stack trace:
#0 C:\xampp\htdocs\Gee Fashion\wp-content\plugins\astra-sites\classes\class-astra-sites-admin.php(250): sprintf('<div class="not...')
#1 C:\xampp\htdocs\Gee Fashion\wp-includes\class-wp-hook.php(308): Astra_Sites_Admin->admin_welcome_notices('')
#2 C:\xampp\htdocs\Gee Fashion\wp-includes\class-wp-hook.php(332): WP_Hook->apply_filters(NULL, Array)
#3 C:\xampp\htdocs\Gee Fashion\wp-includes\plugin.php(517): WP_Hook->do_action(Array)
#4 C:\xampp\htdocs\Gee Fashion\wp-admin\admin-header.php(303): do_action('admin_notices')
#5 C:\xampp\htdocs\Gee Fashion\wp-admin\index.php(137): require_once('C:\\xampp\\htdocs...')
#6 {main}
  thrown in C:\xampp\htdocs\Gee Fashion\wp-content\plugins\astra-sites\classes\class-astra-sites-admin.php on line 250

2023-06-13T07:52:26+00:00 CRITICAL Uncaught ArgumentCountError: 6 arguments are required, 1 given in C:\xampp\htdocs\Gee Fashion\wp-content\plugins\astra-sites\classes\class-astra-sites-admin.php:250
Stack trace:
#0 C:\xampp\htdocs\Gee Fashion\wp-content\plugins\astra-sites\classes\class-astra-sites-admin.php(250): sprintf('<div class="not...')
#1 C:\xampp\htdocs\Gee Fashion\wp-includes\class-wp-hook.php(308): Astra_Sites_Admin->admin_welcome_notices('')
#2 C:\xampp\htdocs\Gee Fashion\wp-includes\class-wp-hook.php(332): WP_Hook->apply_filters(NULL, Array)
#3 C:\xampp\htdocs\Gee Fashion\wp-includes\plugin.php(517): WP_Hook->do_action(Array)
#4 C:\xampp\htdocs\Gee Fashion\wp-admin\admin-header.php(303): do_action('admin_notices')
#5 C:\xampp\htdocs\Gee Fashion\wp-admin\index.php(137): require_once('C:\\xampp\\htdocs...')
#6 {main}
  thrown in C:\xampp\htdocs\Gee Fashion\wp-content\plugins\astra-sites\classes\class-astra-sites-admin.php on line 250

2023-06-13T07:53:35+00:00 CRITICAL Uncaught ArgumentCountError: 6 arguments are required, 1 given in C:\xampp\htdocs\Gee Fashion\wp-content\plugins\astra-sites\classes\class-astra-sites-admin.php:250
Stack trace:
#0 C:\xampp\htdocs\Gee Fashion\wp-content\plugins\astra-sites\classes\class-astra-sites-admin.php(250): sprintf('<div class="not...')
#1 C:\xampp\htdocs\Gee Fashion\wp-includes\class-wp-hook.php(308): Astra_Sites_Admin->admin_welcome_notices('')
#2 C:\xampp\htdocs\Gee Fashion\wp-includes\class-wp-hook.php(332): WP_Hook->apply_filters(NULL, Array)
#3 C:\xampp\htdocs\Gee Fashion\wp-includes\plugin.php(517): WP_Hook->do_action(Array)
#4 C:\xampp\htdocs\Gee Fashion\wp-admin\admin-header.php(303): do_action('admin_notices')
#5 C:\xampp\htdocs\Gee Fashion\wp-admin\index.php(137): require_once('C:\\xampp\\htdocs...')
#6 {main}
  thrown in C:\xampp\htdocs\Gee Fashion\wp-content\plugins\astra-sites\classes\class-astra-sites-admin.php on line 250

2023-06-13T08:03:21+00:00 CRITICAL Uncaught ArgumentCountError: 6 arguments are required, 1 given in C:\xampp\htdocs\Gee Fashion\wp-content\plugins\astra-sites\classes\class-astra-sites-admin.php:250
Stack trace:
#0 C:\xampp\htdocs\Gee Fashion\wp-content\plugins\astra-sites\classes\class-astra-sites-admin.php(250): sprintf('<div class="not...')
#1 C:\xampp\htdocs\Gee Fashion\wp-includes\class-wp-hook.php(308): Astra_Sites_Admin->admin_welcome_notices('')
#2 C:\xampp\htdocs\Gee Fashion\wp-includes\class-wp-hook.php(332): WP_Hook->apply_filters(NULL, Array)
#3 C:\xampp\htdocs\Gee Fashion\wp-includes\plugin.php(517): WP_Hook->do_action(Array)
#4 C:\xampp\htdocs\Gee Fashion\wp-admin\admin-header.php(303): do_action('admin_notices')
#5 C:\xampp\htdocs\Gee Fashion\wp-admin\index.php(137): require_once('C:\\xampp\\htdocs...')
#6 {main}
  thrown in C:\xampp\htdocs\Gee Fashion\wp-content\plugins\astra-sites\classes\class-astra-sites-admin.php on line 250

