06-06-2023 @ 03:00:48 - 5.7.2 upgrade complete from Subscriptions v5.7.1 while WooCommerce WC_VERSION 7.7.1 and database version 7.7.1 was active.
06-06-2023 @ 03:00:48 - Environment info:
06-06-2023 @ 03:00:48 -     WordPress Version : 6.2.2
06-06-2023 @ 03:00:48 - Active Plugins:
06-06-2023 @ 03:00:48 -     Redux Framework by Team Redux – 4.4.1
06-06-2023 @ 03:00:48 -     All-in-One WP Migration by ServMask – 7.75
06-06-2023 @ 03:00:48 -     Starter Templates by Brainstorm Force – 3.2.3
06-06-2023 @ 03:00:48 -     CartFlows by CartFlows Inc – 1.11.11
06-06-2023 @ 03:00:48 -     Checkout Plugins - Stripe for WooCommerce by Checkout Plugins – 1.4.14
06-06-2023 @ 03:00:48 -     Classic Editor by WordPress Contributors – 1.6.3
06-06-2023 @ 03:00:48 -     Contact Form 7 by Takayuki Miyoshi – 5.7.6
06-06-2023 @ 03:00:48 -     Elementor Pro by Elementor.com – 3.9.1
06-06-2023 @ 03:00:48 -     Elementor by Elementor.com – 3.13.4
06-06-2023 @ 03:00:48 -     Extendify by Extendify – 1.6.3
06-06-2023 @ 03:00:48 -     LoftLoader by Loft.Ocean – 2.4.0
06-06-2023 @ 03:00:48 -     Newsletter by Stefano Lissa & The Newsletter Team – 7.7.0
06-06-2023 @ 03:00:48 -     Variation Swatches for WooCommerce by CartFlows – 1.0.7
06-06-2023 @ 03:00:48 -     WooCommerce Payments by Automattic – 5.9.1
06-06-2023 @ 03:00:48 -     WooCommerce by Automattic – 7.7.1
06-06-2023 @ 03:00:48 -     ShopLentor – WooCommerce Builder for Elementor & Gutenberg by HasThemes – 2.6.3
06-06-2023 @ 03:00:48 -     YITH WooCommerce Quick View by YITH – 1.27.0
06-06-2023 @ 03:00:48 -     YITH WooCommerce Wishlist by YITH – 3.21.0
