05-31-2023 @ 06:16:39 - 3.1.0 - No subscription webhooks found using API version 3. No updates needed.
05-31-2023 @ 06:16:40 - 5.7.1 upgrade complete from Subscriptions v0 while WooCommerce WC_VERSION 7.7.1 and database version 7.7.1 was active.
05-31-2023 @ 06:16:40 - Environment info:
05-31-2023 @ 06:16:40 -     WordPress Version : 6.2.2
05-31-2023 @ 06:16:40 - Active Plugins:
05-31-2023 @ 06:16:40 -     Redux Framework by Team Redux – 4.4.1
05-31-2023 @ 06:16:40 -     All-in-One WP Migration by ServMask – 7.75
05-31-2023 @ 06:16:40 -     Starter Templates by Brainstorm Force – 3.2.3
05-31-2023 @ 06:16:40 -     CartFlows by CartFlows Inc – 1.11.11
05-31-2023 @ 06:16:40 -     Checkout Plugins - Stripe for WooCommerce by Checkout Plugins – 1.4.14
05-31-2023 @ 06:16:40 -     Classic Editor by WordPress Contributors – 1.6.3
05-31-2023 @ 06:16:40 -     Contact Form 7 by Takayuki Miyoshi – 5.7.6
05-31-2023 @ 06:16:40 -     Elementor Pro by Elementor.com – 3.9.1
05-31-2023 @ 06:16:40 -     Elementor by Elementor.com – 3.13.4
05-31-2023 @ 06:16:40 -     Extendify by Extendify – 1.6.3
05-31-2023 @ 06:16:40 -     Newsletter by Stefano Lissa & The Newsletter Team – 7.7.0
05-31-2023 @ 06:16:40 -     Variation Swatches for WooCommerce by CartFlows – 1.0.7
05-31-2023 @ 06:16:40 -     WooCommerce Payments by Automattic – 5.9.0
05-31-2023 @ 06:16:40 -     WooCommerce by Automattic – 7.7.1
05-31-2023 @ 06:16:40 -     YITH WooCommerce Quick View by YITH – 1.27.0
05-31-2023 @ 06:16:40 -     YITH WooCommerce Wishlist by YITH – 3.21.0
